<?xml version="1.0" encoding="UTF-8"?>
<!-- Generated by org.testng.reporters.JUnitReportReporter -->
<testsuite hostname="DESKTOP-KQBH998" failures="0" tests="2" name="com.Account" time="0.011" errors="0" timestamp="2023-12-11T18:39:43 IST" skipped="0">
  <testcase classname="com.Account" name="currentAccout" time="0.004"/>
  <testcase classname="com.Account" name="loanAccount" time="0.007"/>
</testsuite> <!-- com.Account -->
