<?xml version="1.0" encoding="UTF-8"?>
<!-- Generated by org.testng.reporters.JUnitReportReporter -->
<testsuite hostname="DESKTOP-KQBH998" failures="0" tests="1" name="maintest.RegistrationTest" time="28.388" errors="0" timestamp="26 Feb 2024 13:18:03 GMT">
  <testcase classname="maintest.RegistrationTest" name="test" time="28.388"/>
</testsuite> <!-- maintest.RegistrationTest -->
